[debug] [2020-02-08T11:44:46.285Z] ----------------------------------------------------------------------
[debug] [2020-02-08T11:44:46.286Z] Command:       /usr/local/bin/node /usr/local/bin/firebase deploy
[debug] [2020-02-08T11:44:46.287Z] CLI Version:   6.3.1
[debug] [2020-02-08T11:44:46.287Z] Platform:      darwin
[debug] [2020-02-08T11:44:46.287Z] Node Version:  v12.6.0
[debug] [2020-02-08T11:44:46.288Z] Time:          Sat Feb 08 2020 12:44:46 GMT+0100 (Central European Standard Time)
[debug] [2020-02-08T11:44:46.288Z] ----------------------------------------------------------------------
[debug] 
[debug] [2020-02-08T11:44:46.304Z] > command requires scopes: ["email","openid","https://www.googleapis.com/auth/cloudplatformprojects.readonly","https://www.googleapis.com/auth/firebase","https://www.googleapis.com/auth/cloud-platform"]
[debug] [2020-02-08T11:44:46.305Z] > authorizing via signed-in user
[debug] [2020-02-08T11:44:46.305Z] [iam] checking project nawazdhandala-9abcd for permissions ["firebase.projects.get","firebasedatabase.instances.update","firebasehosting.sites.update"]
[debug] [2020-02-08T11:44:46.306Z] > refreshing access token with scopes: ["email","https://www.googleapis.com/auth/cloud-platform","https://www.googleapis.com/auth/cloudplatformprojects.readonly","https://www.googleapis.com/auth/firebase","openid"]
[debug] [2020-02-08T11:44:46.307Z] >>> HTTP REQUEST POST https://www.googleapis.com/oauth2/v3/token  
 <request body omitted>
[debug] [2020-02-08T11:44:46.616Z] <<< HTTP RESPONSE 200
[debug] [2020-02-08T11:44:46.640Z] >>> HTTP REQUEST POST https://cloudresourcemanager.googleapis.com/v1/projects/nawazdhandala-9abcd:testIamPermissions  

[debug] [2020-02-08T11:44:47.836Z] <<< HTTP RESPONSE 200
[debug] [2020-02-08T11:44:47.837Z] >>> HTTP REQUEST GET https://firebase.googleapis.com/v1beta1/projects/nawazdhandala-9abcd  
 
[debug] [2020-02-08T11:44:48.237Z] <<< HTTP RESPONSE 200
[info] 
[info] === Deploying to 'nawazdhandala-9abcd'...
[info] 
[info] i  deploying database, hosting
[info] i  database: checking rules syntax...
[debug] [2020-02-08T11:44:48.245Z] >>> HTTP REQUEST PUT https://nawazdhandala-9abcd.firebaseio.com/.settings/rules.json?dryRun=true  
 {
  "rules": {
    ".read": "auth != null",
    ".write": "auth != null"
  }
}

[debug] [2020-02-08T11:44:49.976Z] <<< HTTP RESPONSE 200
[info] ✔  database: rules syntax for database nawazdhandala-9abcd is valid
[debug] [2020-02-08T11:44:49.978Z] >>> HTTP REQUEST POST https://firebasehosting.googleapis.com/v1beta1/sites/nawazdhandala-9abcd/versions  

[debug] [2020-02-08T11:44:52.678Z] <<< HTTP RESPONSE 200
[info] i  hosting[nawazdhandala-9abcd]: beginning deploy...
[info] i  hosting[nawazdhandala-9abcd]: found 91 files in public
[debug] [2020-02-08T11:44:52.700Z] [hosting] hash cache [cHVibGlj] load error: lines is not defined
[debug] [2020-02-08T11:44:52.878Z] [hosting] hash cache [cHVibGlj] stored for 91 files
[debug] [2020-02-08T11:44:52.879Z] [hosting][hash queue][FINAL]
[debug] [2020-02-08T11:44:52.879Z] >>> HTTP REQUEST POST https://firebasehosting.googleapis.com/v1beta1/sites/nawazdhandala-9abcd/versions/b3780acf429ca444:populateFiles  
 <request body omitted>
[debug] [2020-02-08T11:44:54.586Z] <<< HTTP RESPONSE 200
[debug] [2020-02-08T11:44:54.589Z] [hosting][populate queue][FINAL]
[debug] [2020-02-08T11:44:54.589Z] [hosting] uploads queued: 2
